
ROM used:   1865/4096 (46%)
            1865/4096 (46%) including unused fragments

            0.6 Average locations per line
            24.9 Average locations per statement

RAM used:   26/191 (14%) at main() level
            91/191 (48%) worst case

Stack used: 4 worst case (2 in main + 2 for interrupts)
Stack size: 8

Lines Stmts  %   Files
----- ----- ---  -----
   79    16  21  con16f873a.c
  610     0   0  C:\Program Files (x86)\PICC\Devices\16F873A.h
 2229     0   0  C:\Program Files (x86)\PICC\Drivers\math.h
   36     8  11  NTC.h
   80    51  68  7SEG_2DIG_PB.h
----- -----
 3034    75 Total

Page ROM  %  RAM   Vol Diff  Functions:
---- --- --- ---   --- ----  ----------
0     19   1    1             @delay_ms1
 Inline        10             @FLT
 Inline         4             @SFTOI
 Inline         2             @ITOF
0    117   6   13             @MULFF
0    318  17   16             @ADDFF
0    202  11   14             @DIVFF
0     37   2    2             @SITOF
 Inline        25   979 10.0  log
 Inline        20   491  4.5  getTempCelsius
0     22   1    0   331  2.3  seg_init
0    207  11    2  1382  6.4  show
0     21   1    3   156  2.2  @DIV88
0    825  44    0   181  4.0  TIMER1_isr
0     46   2    0   156  2.2  MAIN
 Inline         0   156  2.2  @cinit1

Program metrics:
    Functions               8
    Statements              75
    Comments                191
    Volume (V)              5578
    Difficulty (D)          33.1
    Effort to implement (E) 184466
    Time to implement (T)   2 hours, 51 minutes
    Est Delivered Bugs (B)  1
    Cyclomatic Complexity   7
    Maintainability (MI)    148

 Segment     Used  Free
-----------  ----  ----
00000-00003     4  0  
00004-00032    47  0  
00033-007FF  1814  183  
00800-00FFF     0  2048  



